#Nuevo registro
#Wed May 17 17:29:41 CEST 2017
Clave=
BaseDatos=jdbc\:mysql\://localhost/gestion_licencias_v
Usuario=root
#Nuevo registro
#Wed May 17 17:29:52 CEST 2017
Clave=
BaseDatos=jdbc\:mysql\://localhost/gestion_licencias_v1
Usuario=root
#Nuevo registro
#Wed May 17 17:30:36 CEST 2017
Clave=
BaseDatos=jdbc\:mysql\://localhost/gestion_licencias_v1
Usuario=root
#Nuevo registro
#Wed May 17 17:33:31 CEST 2017
Clave=
BaseDatos=jdbc\:mysql\://localhost/gestion_licencias_v1
Usuario=root
#Nuevo registro
#Wed May 17 18:45:47 CEST 2017
Clave=
BaseDatos=jdbc\:mysql\://localhost/gestion_licencias_v1
Usuario=root
#Nuevo registro
#Wed May 17 19:24:13 CEST 2017
Clave=
BaseDatos=jdbc\:mysql\://localhost/gestion_licencias_v1
Usuario=root
#Nuevo registro
#Wed May 17 19:24:38 CEST 2017
Clave=
BaseDatos=jdbc\:mysql\://localhost/gestion_licencias_v1
Usuario=root
#Nuevo registro
#Wed May 17 19:24:44 CEST 2017
Clave=
BaseDatos=jdbc\:mysql\://localhost/gestion_licencias_v1
Usuario=root
#Nuevo registro
#Thu May 18 12:22:20 CEST 2017
Clave=
BaseDatos=
Usuario=
#Nuevo registro
#Thu May 18 12:23:20 CEST 2017
Clave=
BaseDatos=
Usuario=
#Nuevo registro
#Thu May 18 12:25:01 CEST 2017
Clave=larilarie
BaseDatos=localhost
Usuario=neock
#Nuevo registro
#Thu May 18 12:25:12 CEST 2017
Clave=larilarie
BaseDatos=localhost
Usuario=neock
#Nuevo registro
#Thu May 18 12:28:48 CEST 2017
Clave=larilarie
BaseDatos=localhost
Usuario=neock
#Nuevo registro
#Thu May 18 12:28:56 CEST 2017
Clave=larilarie
BaseDatos=localhost1
Usuario=neock
#Nuevo registro
#Thu May 18 12:29:04 CEST 2017
Clave=larilarie
BaseDatos=localhost
Usuario=neock
#Nuevo registro
#Thu May 18 12:41:57 CEST 2017
Clave=larilarie
BaseDatos=localhost
Usuario=neock
#Nuevo registro
#Thu May 18 12:50:09 CEST 2017
Clave=
BaseDatos=jdbc\:mysql\://localhost/gestion_licencias_v1
Usuario=root
#Nuevo registro
#Thu May 18 12:50:23 CEST 2017
Clave=
BaseDatos=jdbc\:mysql\://localhost/gestion_licencias_v
Usuario=root
#Nuevo registro
#Thu May 18 12:50:36 CEST 2017
Clave=
BaseDatos=
Usuario=root
#Nuevo registro
#Thu May 18 12:51:06 CEST 2017
Clave=
BaseDatos=jdbc\\\:mysql\\\://localhost/gestion_licencias_v1
Usuario=root
#Nuevo registro
#Thu May 18 12:51:55 CEST 2017
Clave=
BaseDatos=jdbc\\\:mysql\\\://localhost/gestion_licencias_v1
Usuario=root
#Nuevo registro
#Thu May 18 12:52:16 CEST 2017
Clave=
BaseDatos=jdbc\\\:mysql\\\://localhost/gestion_licencias_v1
Usuario=root
#Nuevo registro
#Thu May 18 12:52:49 CEST 2017
Clave=
BaseDatos=jdbc\\\:mysql\\\:/localhost/gestion_licencias_v1
Usuario=root
#Nuevo registro
#Thu May 18 12:53:12 CEST 2017
Clave=
BaseDatos=jdbc\\\\\\\:mysql\\\\\\\://localhost/gestion_licencias_v1
Usuario=root
#Nuevo registro
#Thu May 18 12:53:25 CEST 2017
Clave=
BaseDatos=jdbc\\\\\:mysql\\\\\://localhost/gestion_licencias_v1
Usuario=root
#Nuevo registro
#Thu May 18 12:53:59 CEST 2017
Clave=
BaseDatos=jdbc\\\:mysql\\\://localhost/gestion_licencias_v1
Usuario=root
#Nuevo registro
#Thu May 18 12:54:46 CEST 2017
Clave=
BaseDatos=jdbc\\\:mysql\\\://localhost/gestion_licencias_v1
Usuario=root
#Nuevo registro
#Thu May 18 12:55:15 CEST 2017
Clave=
BaseDatos=jdbc\\\:mysql\\\://localhost/gestion_licencias_v1
Usuario=root
#Nuevo registro
#Thu May 18 13:01:35 CEST 2017
Clave=
BaseDatos=jdbc\\\:mysql\\\://localhost/gestion_licencias_v1
Usuario=root
#Nuevo registro
#Thu May 18 13:02:17 CEST 2017
Clave=
BaseDatos=jdbc\:mysql\://localhost/gestion_licencias_v1
Usuario=root
#Nuevo registro
#Thu May 18 13:02:40 CEST 2017
Clave=
BaseDatos=jdbc\:mysql\://localhost/gestion_licencias_v
Usuario=root
#Nuevo registro
#Thu May 18 13:02:48 CEST 2017
Clave=
BaseDatos=jdbc\:mysql\://localhost/gestion_licencias_v1
Usuario=root
#Nuevo registro
#Thu May 18 13:03:01 CEST 2017
Clave=
BaseDatos=jdbc\:mysql\://localhost/gestion_licencias_v
Usuario=root
#Nuevo registro
#Thu May 18 13:03:14 CEST 2017
Clave=
BaseDatos=jdbc\:mysql\://localhost/gestion_licencias_v1
Usuario=root
#Nuevo registro
#Thu May 18 13:04:44 CEST 2017
Clave=
BaseDatos=jdbc\:mysql\://localhost/gestion_licencias_v
Usuario=root
#Nuevo registro
#Thu May 18 13:04:58 CEST 2017
Clave=
BaseDatos=jdbc\:mysql\://localhost/gestion_licencias_v1
Usuario=root
#Nuevo registro
#Thu May 18 13:09:56 CEST 2017
Clave=
BaseDatos=jdbc\:mysql\://localhost/gestion_licencias_v
Usuario=root
#Nuevo registro
#Thu May 18 13:10:10 CEST 2017
Clave=
BaseDatos=jdbc\:mysql\://localhost/gestion_licencias_v1
Usuario=root
#Nuevo registro
#Thu May 18 13:11:42 CEST 2017
Clave=
BaseDatos=jdbc\:mysql\://localhost/gestion_licencias_v
Usuario=root
#Nuevo registro
#Thu May 18 13:12:06 CEST 2017
Clave=
BaseDatos=jdbc\:mysql\://localhost/gestion_licencias_v1
Usuario=root
#Nuevo registro
#Thu May 18 13:12:50 CEST 2017
Clave=
BaseDatos=jdbc\:mysql\://localhost/gestion_licencias_v1
Usuario=root
#Nuevo registro
#Thu May 18 13:14:22 CEST 2017
Clave=
BaseDatos=jdbc\:mysql\://localhost/gestion_licencias_v1
Usuario=root
#Nuevo registro
#Thu May 18 22:39:55 CEST 2017
Clave=
BaseDatos=jdbc\:mysql\://localhost/gestion_licencias_v
Usuario=root
#Nuevo registro
#Thu May 18 22:40:07 CEST 2017
Clave=
BaseDatos=jdbc\:mysql\://localhost/gestion_licencias_v1
Usuario=root
#Nuevo registro
#Wed May 24 15:29:04 CEST 2017
Clave=
BaseDatos=jdbc\:mysql\://localhost/gestion_licencias_v2
Usuario=root
